2022-11-25T11:21:51.155Z
cwd: /Users/james.gordon/dev/LMS/lms-prototype
package: govuk-prototype-kit@13.0.0
argv: /Users/james.gordon/.nvm/versions/node/v18.12.1/bin/node /Users/james.gordon/.npm/_npx/ab0cb2c39bc0319f/node_modules/.bin/govuk-prototype-kit migrate
Started [Check migration is being applied to a pre v13 prototype]
Succeeded [Check migration is being applied to a pre v13 prototype]
2022-11-25T11:22:07.818Z
cwd: /Users/james.gordon/dev/LMS/lms-prototype
package: govuk-prototype-kit@13.0.0
argv: /Users/james.gordon/.nvm/versions/node/v18.12.1/bin/node /Users/james.gordon/dev/LMS/lms-prototype/node_modules/.bin/govuk-prototype-kit migrate -- /Users/james.gordon/dev/LMS/lms-prototype
Started [Migrate config.js to config.json]
Started [Update application SCSS file]
Started [Deleted files that are no longer needed]
Started [Deleted directories that are no longer needed]
Started [Delete /Users/james.gordon/dev/LMS/lms-prototype/listen-on-port.js]
Started [Delete /Users/james.gordon/dev/LMS/lms-prototype/server.js]
Started [Delete /Users/james.gordon/dev/LMS/lms-prototype/start.js]
Started [Delete /Users/james.gordon/dev/LMS/lms-prototype/VERSION.txt]
Started [Delete /Users/james.gordon/dev/LMS/lms-prototype/Procfile]
Started [Remove unused directory docs]
Started [Remove unused directory lib]
Started [Remove unused directory __tests__]
Started [Remove unused directory cypress]
Started [Remove unused directory internal_docs]
Started [Remove unused directory scripts]
Started [Remove unused directory update]
Started [Remove unused directory public]
Started [Delete /Users/james.gordon/dev/LMS/lms-prototype/.port.tmp]
Succeeded [Migrate config.js to config.json]
Started [Overwrite app/assets/javascripts/application.js]
Started [Overwrite app/views/layout.html]
Started [Overwrite app/filters.js]
Succeeded [Delete /Users/james.gordon/dev/LMS/lms-prototype/listen-on-port.js]
Succeeded [Delete /Users/james.gordon/dev/LMS/lms-prototype/start.js]
Succeeded [Delete /Users/james.gordon/dev/LMS/lms-prototype/VERSION.txt]
Succeeded [Delete /Users/james.gordon/dev/LMS/lms-prototype/server.js]
Succeeded [Delete /Users/james.gordon/dev/LMS/lms-prototype/Procfile]
Failed [Overwrite app/assets/javascripts/application.js]
Failed [Overwrite app/views/layout.html]
Started [Delete app/assets/images/separator-2x.png]
Started [Delete app/assets/images/separator.png]
copying from [/Users/james.gordon/dev/LMS/lms-prototype/node_modules/govuk-prototype-kit/prototype-starter/app/filters.js] to [/Users/james.gordon/dev/LMS/lms-prototype/app/filters.js]
Started [Delete app/assets/javascripts/auto-store-data.js]
Started [Delete app/assets/images/unbranded.ico]
Started [Delete app/views/includes/breadcrumb_examples.html]
Started [Delete app/views/layout_unbranded.html]
Started [Delete app/assets/sass/patterns/_mainstream-guide.scss]
Started [Delete app/assets/sass/patterns/_related-items.scss]
Started [Delete app/assets/javascripts/jquery-1.11.3.js]
Started [Delete app/assets/sass/patterns/_contents-list.scss]
Started [Delete app/assets/sass/patterns/_task-list.scss]
Started [Delete app/assets/sass/patterns/_pagination.scss]
Succeeded [Delete /Users/james.gordon/dev/LMS/lms-prototype/.port.tmp]
Failed [Delete app/assets/javascripts/auto-store-data.js]
Succeeded [Deleted files that are no longer needed]
Could not found [// Add your routes here - above the module.exports line] in [/Users/james.gordon/dev/LMS/lms-prototype/app/routes.js, aborting
Could not found [// Add extra styles here, or re-organise the Sass files in whichever way makes most sense to you] in [/Users/james.gordon/dev/LMS/lms-prototype/app/assets/sass/application.scss, aborting
Failed [Update routes file]
Failed [Update application SCSS file]
Succeeded [Remove unused directory internal_docs]
Succeeded [Delete app/assets/images/separator.png]
Succeeded [Delete app/assets/images/unbranded.ico]
Succeeded [Delete app/assets/images/separator-2x.png]
Succeeded [Delete app/assets/sass/patterns/_related-items.scss]
Succeeded [Delete app/views/includes/breadcrumb_examples.html]
Succeeded [Delete app/views/layout_unbranded.html]
Succeeded [Delete app/assets/javascripts/jquery-1.11.3.js]
Succeeded [Delete app/assets/sass/patterns/_contents-list.scss]
Succeeded [Delete app/assets/sass/patterns/_task-list.scss]
Succeeded [Delete app/assets/sass/patterns/_pagination.scss]
Succeeded [Delete app/assets/sass/patterns/_mainstream-guide.scss]
Succeeded [Remove unused directory scripts]
Succeeded [Remove unused directory __tests__]
Succeeded [Remove unused directory lib]
Succeeded [Overwrite app/filters.js]
Succeeded [Remove unused directory cypress]
Succeeded [Remove unused directory public]
Succeeded [Remove unused directory docs]
Succeeded [Remove unused directory update]
Succeeded [Deleted directories that are no longer needed]
Started [Remove old pattern includes from application SCSS file]
Succeeded [Remove old pattern includes from application SCSS file]
Started [Remove empty directory /app/assets/sass/patterns]
Started [Remove empty directory /app/views/includes]
Started [Remove empty directory /app/assets/images]
Skipped deleting /app/views/includes
Succeeded [Remove empty directory /app/assets/sass/patterns]
Succeeded [Remove empty directory /app/assets/images]
